<?xml version="1.0" encoding="utf-8"?><testsuites name="pytest tests"><testsuite name="pytest" errors="0" failures="0" skipped="0" tests="9" time="3.708" timestamp="2026-09-16T02:44:10.063437+08:00" hostname="Wilsons-Mac-Pro.local"><testcase classname="tests.test_daily_finance_broadcast_bdd.DailyFinanceBroadcastBDDTest" name="test_given_actual_gangtise_topic_shape_when_fetching_then_nested_close_reading_content_is_extracted" time="0.001" /><testcase classname="tests.test_daily_finance_broadcast_bdd.DailyFinanceBroadcastBDDTest" name="test_given_beijing_time_when_slot_is_resolved_then_manual_runs_use_expected_report" time="0.001" /><testcase classname="tests.test_daily_finance_broadcast_bdd.DailyFinanceBroadcastBDDTest" name="test_given_broadcast_text_when_formatted_then_article_is_readable_and_traceable" time="0.001" /><testcase classname="tests.test_daily_finance_broadcast_bdd.DailyFinanceBroadcastBDDTest" name="test_given_gangtise_english_report_types_when_fetching_night_then_evening_briefing_is_selected" time="0.001" /><testcase classname="tests.test_daily_finance_broadcast_bdd.DailyFinanceBroadcastBDDTest" name="test_given_malformed_provider_payload_when_fetching_then_no_partial_publication_is_possible" time="0.002" /><testcase classname="tests.test_daily_finance_broadcast_bdd.DailyFinanceBroadcastBDDTest" name="test_given_night_has_no_readable_text_when_fetching_then_noon_is_used_as_provider_fallback" time="0.001" /><testcase classname="tests.test_daily_finance_broadcast_bdd.DailyFinanceBroadcastBDDTest" name="test_given_noon_missing_when_fetching_then_morning_is_used_as_provider_fallback" time="0.000" /><testcase classname="tests.test_daily_finance_broadcast_bdd.DailyFinanceBroadcastBDDTest" name="test_given_recorded_success_json_when_fetching_noon_then_matching_text_is_returned" time="0.000" /><testcase classname="tests.test_daily_finance_broadcast_bdd.DailyFinanceBroadcastBDDTest" name="test_given_topic_digest_is_in_title_when_fetching_then_title_is_used_as_readable_fallback" time="0.001" /></testsuite></testsuites>